 INFO 2022-01-28 13:07:05 (UserDetailServiceImpl.java:68) - UserAdapter :{"id":1,"userName":"admin","password":"$2a$08$qvrzQZ7jJ7oy2p/msL4M0.l83Cd0jNsX6AJUitbgRXGzge4j035ha","accountExpired":false,"accountLocked":false,"credentialsExpired":false,"enabled":true,"authorities":[{"id":1,"name":"COMPANY_CREATE"},{"id":2,"name":"COMPANY_READ"},{"id":3,"name":"COMPANY_UPDATE"},{"id":4,"name":"COMPANY_DELETE"},{"id":5,"name":"DEPARTMENT_CREATE"},{"id":6,"name":"DEPARTMENT_READ"},{"id":7,"name":"DEPARTMENT_UPDATE"},{"id":8,"name":"DEPARTMENT_DELETE"},{"id":9,"name":"ROLE_COMPANY_READER"}]}
 INFO 2022-01-28 13:15:27 (UserDetailServiceImpl.java:68) - UserAdapter :{"id":1,"userName":"admin","password":"$2a$08$qvrzQZ7jJ7oy2p/msL4M0.l83Cd0jNsX6AJUitbgRXGzge4j035ha","accountExpired":false,"accountLocked":false,"credentialsExpired":false,"enabled":true,"authorities":[{"id":1,"name":"COMPANY_CREATE"},{"id":2,"name":"COMPANY_READ"},{"id":3,"name":"COMPANY_UPDATE"},{"id":4,"name":"COMPANY_DELETE"},{"id":5,"name":"DEPARTMENT_CREATE"},{"id":6,"name":"DEPARTMENT_READ"},{"id":7,"name":"DEPARTMENT_UPDATE"},{"id":8,"name":"DEPARTMENT_DELETE"},{"id":9,"name":"ROLE_COMPANY_READER"}]}
 INFO 2022-01-28 14:05:52 (UserDetailServiceImpl.java:68) - UserAdapter :{"id":1,"userName":"admin","password":"$2a$08$qvrzQZ7jJ7oy2p/msL4M0.l83Cd0jNsX6AJUitbgRXGzge4j035ha","accountExpired":false,"accountLocked":false,"credentialsExpired":false,"enabled":true,"authorities":[{"id":1,"name":"COMPANY_CREATE"},{"id":2,"name":"COMPANY_READ"},{"id":3,"name":"COMPANY_UPDATE"},{"id":4,"name":"COMPANY_DELETE"},{"id":5,"name":"DEPARTMENT_CREATE"},{"id":6,"name":"DEPARTMENT_READ"},{"id":7,"name":"DEPARTMENT_UPDATE"},{"id":8,"name":"DEPARTMENT_DELETE"},{"id":9,"name":"ROLE_COMPANY_READER"}]}
 INFO 2022-01-28 14:14:53 (UserDetailServiceImpl.java:68) - UserAdapter :{"id":1,"userName":"admin","password":"$2a$08$qvrzQZ7jJ7oy2p/msL4M0.l83Cd0jNsX6AJUitbgRXGzge4j035ha","accountExpired":false,"accountLocked":false,"credentialsExpired":false,"enabled":true,"authorities":[{"id":1,"name":"COMPANY_CREATE"},{"id":2,"name":"COMPANY_READ"},{"id":3,"name":"COMPANY_UPDATE"},{"id":4,"name":"COMPANY_DELETE"},{"id":5,"name":"DEPARTMENT_CREATE"},{"id":6,"name":"DEPARTMENT_READ"},{"id":7,"name":"DEPARTMENT_UPDATE"},{"id":8,"name":"DEPARTMENT_DELETE"},{"id":9,"name":"ROLE_COMPANY_READER"}]}
 INFO 2022-01-28 14:17:23 (UserDetailServiceImpl.java:68) - UserAdapter :{"id":1,"userName":"admin","password":"$2a$08$qvrzQZ7jJ7oy2p/msL4M0.l83Cd0jNsX6AJUitbgRXGzge4j035ha","accountExpired":false,"accountLocked":false,"credentialsExpired":false,"enabled":true,"authorities":[{"id":1,"name":"COMPANY_CREATE"},{"id":2,"name":"COMPANY_READ"},{"id":3,"name":"COMPANY_UPDATE"},{"id":4,"name":"COMPANY_DELETE"},{"id":5,"name":"DEPARTMENT_CREATE"},{"id":6,"name":"DEPARTMENT_READ"},{"id":7,"name":"DEPARTMENT_UPDATE"},{"id":8,"name":"DEPARTMENT_DELETE"},{"id":9,"name":"ROLE_COMPANY_READER"}]}
 INFO 2022-01-28 14:25:45 (UserDetailServiceImpl.java:68) - UserAdapter :{"id":1,"userName":"admin","password":"$2a$08$qvrzQZ7jJ7oy2p/msL4M0.l83Cd0jNsX6AJUitbgRXGzge4j035ha","accountExpired":false,"accountLocked":false,"credentialsExpired":false,"enabled":true,"authorities":[{"id":1,"name":"COMPANY_CREATE"},{"id":2,"name":"COMPANY_READ"},{"id":3,"name":"COMPANY_UPDATE"},{"id":4,"name":"COMPANY_DELETE"},{"id":5,"name":"DEPARTMENT_CREATE"},{"id":6,"name":"DEPARTMENT_READ"},{"id":7,"name":"DEPARTMENT_UPDATE"},{"id":8,"name":"DEPARTMENT_DELETE"},{"id":9,"name":"ROLE_COMPANY_READER"}]}
 INFO 2022-01-28 14:31:24 (UserDetailServiceImpl.java:68) - UserAdapter :null
 INFO 2022-01-28 14:37:14 (UserDetailServiceImpl.java:68) - UserAdapter :{"id":10,"userName":"admin@gmail.com","password":"$2a$10$CDpxpGonQxOpaYZB6nH94uuItf7w3SmFuIkelXk1WIUnkCjS/ezdW","accountExpired":false,"accountLocked":false,"credentialsExpired":false,"enabled":true,"authorities":[{"id":1,"name":"User_Read"},{"id":2,"name":"User_Create"},{"id":3,"name":"User_Update"},{"id":4,"name":"User_Delete"},{"id":5,"name":"Movie_Read"},{"id":6,"name":"Movie_Create"},{"id":7,"name":"Movie_Update"},{"id":8,"name":"Movie_Delete"},{"id":9,"name":"Movie_Source_Read"},{"id":10,"name":"Movie_Source_Create"},{"id":11,"name":"Movie_Source_Update"},{"id":12,"name":"Movie_Source_Delete"},{"id":13,"name":"Setting_Movie_Type_Read"},{"id":14,"name":"Setting_Movie_Type_Create"},{"id":15,"name":"Setting_Movie_Type_Update"},{"id":16,"name":"Setting_Movie_Type_Delete"},{"id":17,"name":"Setting_Sub_Movie_Type_Read"},{"id":18,"name":"Setting_Sub_Movie_Type_Create"},{"id":19,"name":"Setting_Sub_Movie_Type_Update"},{"id":20,"name":"Setting_Sub_Movie_Type_Delete"},{"id":21,"name":"Setting_Client_Setting_Read"},{"id":22,"name":"Setting_Client_Setting_Create"},{"id":23,"name":"Setting_Client_Setting_Update"},{"id":24,"name":"Setting_Client_Setting_Delete"}]}
 INFO 2022-01-28 14:38:22 (UserDetailServiceImpl.java:68) - UserAdapter :{"id":10,"userName":"admin@gmail.com","password":"$2a$10$CDpxpGonQxOpaYZB6nH94uuItf7w3SmFuIkelXk1WIUnkCjS/ezdW","accountExpired":false,"accountLocked":false,"credentialsExpired":false,"enabled":true,"authorities":[{"id":1,"name":"User_Read"},{"id":2,"name":"User_Create"},{"id":3,"name":"User_Update"},{"id":4,"name":"User_Delete"},{"id":5,"name":"Movie_Read"},{"id":6,"name":"Movie_Create"},{"id":7,"name":"Movie_Update"},{"id":8,"name":"Movie_Delete"},{"id":9,"name":"Movie_Source_Read"},{"id":10,"name":"Movie_Source_Create"},{"id":11,"name":"Movie_Source_Update"},{"id":12,"name":"Movie_Source_Delete"},{"id":13,"name":"Setting_Movie_Type_Read"},{"id":14,"name":"Setting_Movie_Type_Create"},{"id":15,"name":"Setting_Movie_Type_Update"},{"id":16,"name":"Setting_Movie_Type_Delete"},{"id":17,"name":"Setting_Sub_Movie_Type_Read"},{"id":18,"name":"Setting_Sub_Movie_Type_Create"},{"id":19,"name":"Setting_Sub_Movie_Type_Update"},{"id":20,"name":"Setting_Sub_Movie_Type_Delete"},{"id":21,"name":"Setting_Client_Setting_Read"},{"id":22,"name":"Setting_Client_Setting_Create"},{"id":23,"name":"Setting_Client_Setting_Update"},{"id":24,"name":"Setting_Client_Setting_Delete"}]}
 INFO 2022-01-28 14:41:47 (UserDetailServiceImpl.java:68) - UserAdapter :{"id":10,"username":"admin@gmail.com","password":"$2a$10$CDpxpGonQxOpaYZB6nH94uuItf7w3SmFuIkelXk1WIUnkCjS/ezdW","accountExpired":false,"accountLocked":false,"credentialsExpired":false,"enabled":true,"authorities":[{"id":1,"name":"User_Read"},{"id":2,"name":"User_Create"},{"id":3,"name":"User_Update"},{"id":4,"name":"User_Delete"},{"id":5,"name":"Movie_Read"},{"id":6,"name":"Movie_Create"},{"id":7,"name":"Movie_Update"},{"id":8,"name":"Movie_Delete"},{"id":9,"name":"Movie_Source_Read"},{"id":10,"name":"Movie_Source_Create"},{"id":11,"name":"Movie_Source_Update"},{"id":12,"name":"Movie_Source_Delete"},{"id":13,"name":"Setting_Movie_Type_Read"},{"id":14,"name":"Setting_Movie_Type_Create"},{"id":15,"name":"Setting_Movie_Type_Update"},{"id":16,"name":"Setting_Movie_Type_Delete"},{"id":17,"name":"Setting_Sub_Movie_Type_Read"},{"id":18,"name":"Setting_Sub_Movie_Type_Create"},{"id":19,"name":"Setting_Sub_Movie_Type_Update"},{"id":20,"name":"Setting_Sub_Movie_Type_Delete"},{"id":21,"name":"Setting_Client_Setting_Read"},{"id":22,"name":"Setting_Client_Setting_Create"},{"id":23,"name":"Setting_Client_Setting_Update"},{"id":24,"name":"Setting_Client_Setting_Delete"}]}
 INFO 2022-01-28 14:47:22 (UserDetailServiceImpl.java:68) - UserAdapter :{"id":10,"username":"admin@gmail.com","password":"$2a$10$CDpxpGonQxOpaYZB6nH94uuItf7w3SmFuIkelXk1WIUnkCjS/ezdW","accountExpired":false,"accountLocked":false,"credentialsExpired":false,"enabled":true,"authorities":[{"id":1,"name":"User_Read"},{"id":2,"name":"User_Create"},{"id":3,"name":"User_Update"},{"id":4,"name":"User_Delete"},{"id":5,"name":"Movie_Read"},{"id":6,"name":"Movie_Create"},{"id":7,"name":"Movie_Update"},{"id":8,"name":"Movie_Delete"},{"id":9,"name":"Movie_Source_Read"},{"id":10,"name":"Movie_Source_Create"},{"id":11,"name":"Movie_Source_Update"},{"id":12,"name":"Movie_Source_Delete"},{"id":13,"name":"Setting_Movie_Type_Read"},{"id":14,"name":"Setting_Movie_Type_Create"},{"id":15,"name":"Setting_Movie_Type_Update"},{"id":16,"name":"Setting_Movie_Type_Delete"},{"id":17,"name":"Setting_Sub_Movie_Type_Read"},{"id":18,"name":"Setting_Sub_Movie_Type_Create"},{"id":19,"name":"Setting_Sub_Movie_Type_Update"},{"id":20,"name":"Setting_Sub_Movie_Type_Delete"},{"id":21,"name":"Setting_Client_Setting_Read"},{"id":22,"name":"Setting_Client_Setting_Create"},{"id":23,"name":"Setting_Client_Setting_Update"},{"id":24,"name":"Setting_Client_Setting_Delete"}]}
 INFO 2022-01-28 15:06:36 (UserDetailServiceImpl.java:68) - UserAdapter :{"id":10,"username":"admin@gmail.com","password":"$2a$10$CDpxpGonQxOpaYZB6nH94uuItf7w3SmFuIkelXk1WIUnkCjS/ezdW","accountExpired":false,"accountLocked":false,"credentialsExpired":false,"enabled":true,"authorities":[{"id":1,"name":"User_Read"},{"id":2,"name":"User_Create"},{"id":3,"name":"User_Update"},{"id":4,"name":"User_Delete"},{"id":5,"name":"Movie_Read"},{"id":6,"name":"Movie_Create"},{"id":7,"name":"Movie_Update"},{"id":8,"name":"Movie_Delete"},{"id":9,"name":"Movie_Source_Read"},{"id":10,"name":"Movie_Source_Create"},{"id":11,"name":"Movie_Source_Update"},{"id":12,"name":"Movie_Source_Delete"},{"id":13,"name":"Setting_Movie_Type_Read"},{"id":14,"name":"Setting_Movie_Type_Create"},{"id":15,"name":"Setting_Movie_Type_Update"},{"id":16,"name":"Setting_Movie_Type_Delete"},{"id":17,"name":"Setting_Sub_Movie_Type_Read"},{"id":18,"name":"Setting_Sub_Movie_Type_Create"},{"id":19,"name":"Setting_Sub_Movie_Type_Update"},{"id":20,"name":"Setting_Sub_Movie_Type_Delete"},{"id":21,"name":"Setting_Client_Setting_Read"},{"id":22,"name":"Setting_Client_Setting_Create"},{"id":23,"name":"Setting_Client_Setting_Update"},{"id":24,"name":"Setting_Client_Setting_Delete"}]}
 INFO 2022-01-28 15:07:02 (UserDetailServiceImpl.java:68) - UserAdapter :{"id":10,"username":"admin@gmail.com","password":"$2a$10$CDpxpGonQxOpaYZB6nH94uuItf7w3SmFuIkelXk1WIUnkCjS/ezdW","accountExpired":false,"accountLocked":false,"credentialsExpired":false,"enabled":true,"authorities":[{"id":1,"name":"User_Read"},{"id":2,"name":"User_Create"},{"id":3,"name":"User_Update"},{"id":4,"name":"User_Delete"},{"id":5,"name":"Movie_Read"},{"id":6,"name":"Movie_Create"},{"id":7,"name":"Movie_Update"},{"id":8,"name":"Movie_Delete"},{"id":9,"name":"Movie_Source_Read"},{"id":10,"name":"Movie_Source_Create"},{"id":11,"name":"Movie_Source_Update"},{"id":12,"name":"Movie_Source_Delete"},{"id":13,"name":"Setting_Movie_Type_Read"},{"id":14,"name":"Setting_Movie_Type_Create"},{"id":15,"name":"Setting_Movie_Type_Update"},{"id":16,"name":"Setting_Movie_Type_Delete"},{"id":17,"name":"Setting_Sub_Movie_Type_Read"},{"id":18,"name":"Setting_Sub_Movie_Type_Create"},{"id":19,"name":"Setting_Sub_Movie_Type_Update"},{"id":20,"name":"Setting_Sub_Movie_Type_Delete"},{"id":21,"name":"Setting_Client_Setting_Read"},{"id":22,"name":"Setting_Client_Setting_Create"},{"id":23,"name":"Setting_Client_Setting_Update"},{"id":24,"name":"Setting_Client_Setting_Delete"}]}
 INFO 2022-01-28 15:12:13 (UserDetailServiceImpl.java:68) - UserAdapter :{"id":10,"username":"admin@gmail.com","password":"$2a$10$CDpxpGonQxOpaYZB6nH94uuItf7w3SmFuIkelXk1WIUnkCjS/ezdW","accountExpired":false,"accountLocked":false,"credentialsExpired":false,"enabled":true,"authorities":[{"id":1,"name":"User_Read"},{"id":2,"name":"User_Create"},{"id":3,"name":"User_Update"},{"id":4,"name":"User_Delete"},{"id":5,"name":"Movie_Read"},{"id":6,"name":"Movie_Create"},{"id":7,"name":"Movie_Update"},{"id":8,"name":"Movie_Delete"},{"id":9,"name":"Movie_Source_Read"},{"id":10,"name":"Movie_Source_Create"},{"id":11,"name":"Movie_Source_Update"},{"id":12,"name":"Movie_Source_Delete"},{"id":13,"name":"Setting_Movie_Type_Read"},{"id":14,"name":"Setting_Movie_Type_Create"},{"id":15,"name":"Setting_Movie_Type_Update"},{"id":16,"name":"Setting_Movie_Type_Delete"},{"id":17,"name":"Setting_Sub_Movie_Type_Read"},{"id":18,"name":"Setting_Sub_Movie_Type_Create"},{"id":19,"name":"Setting_Sub_Movie_Type_Update"},{"id":20,"name":"Setting_Sub_Movie_Type_Delete"},{"id":21,"name":"Setting_Client_Setting_Read"},{"id":22,"name":"Setting_Client_Setting_Create"},{"id":23,"name":"Setting_Client_Setting_Update"},{"id":24,"name":"Setting_Client_Setting_Delete"}]}
 INFO 2022-01-28 15:14:28 (UserDetailServiceImpl.java:71) - UserAdapter :{"id":10,"username":"admin@gmail.com","password":"$2a$10$CDpxpGonQxOpaYZB6nH94uuItf7w3SmFuIkelXk1WIUnkCjS/ezdW","accountExpired":false,"accountLocked":false,"credentialsExpired":false,"enabled":true,"authorities":[{"id":1,"name":"User_Read"},{"id":2,"name":"User_Create"},{"id":3,"name":"User_Update"},{"id":4,"name":"User_Delete"},{"id":5,"name":"Movie_Read"},{"id":6,"name":"Movie_Create"},{"id":7,"name":"Movie_Update"},{"id":8,"name":"Movie_Delete"},{"id":9,"name":"Movie_Source_Read"},{"id":10,"name":"Movie_Source_Create"},{"id":11,"name":"Movie_Source_Update"},{"id":12,"name":"Movie_Source_Delete"},{"id":13,"name":"Setting_Movie_Type_Read"},{"id":14,"name":"Setting_Movie_Type_Create"},{"id":15,"name":"Setting_Movie_Type_Update"},{"id":16,"name":"Setting_Movie_Type_Delete"},{"id":17,"name":"Setting_Sub_Movie_Type_Read"},{"id":18,"name":"Setting_Sub_Movie_Type_Create"},{"id":19,"name":"Setting_Sub_Movie_Type_Update"},{"id":20,"name":"Setting_Sub_Movie_Type_Delete"},{"id":21,"name":"Setting_Client_Setting_Read"},{"id":22,"name":"Setting_Client_Setting_Create"},{"id":23,"name":"Setting_Client_Setting_Update"},{"id":24,"name":"Setting_Client_Setting_Delete"}]}
 INFO 2022-01-28 15:15:28 (UserDetailServiceImpl.java:71) - UserAdapter :{"id":10,"username":"admin@gmail.com","password":"$2a$10$CDpxpGonQxOpaYZB6nH94uuItf7w3SmFuIkelXk1WIUnkCjS/ezdW","accountExpired":false,"accountLocked":false,"credentialsExpired":false,"enabled":true,"authorities":[{"id":1,"name":"User_Read"},{"id":2,"name":"User_Create"},{"id":3,"name":"User_Update"},{"id":4,"name":"User_Delete"},{"id":5,"name":"Movie_Read"},{"id":6,"name":"Movie_Create"},{"id":7,"name":"Movie_Update"},{"id":8,"name":"Movie_Delete"},{"id":9,"name":"Movie_Source_Read"},{"id":10,"name":"Movie_Source_Create"},{"id":11,"name":"Movie_Source_Update"},{"id":12,"name":"Movie_Source_Delete"},{"id":13,"name":"Setting_Movie_Type_Read"},{"id":14,"name":"Setting_Movie_Type_Create"},{"id":15,"name":"Setting_Movie_Type_Update"},{"id":16,"name":"Setting_Movie_Type_Delete"},{"id":17,"name":"Setting_Sub_Movie_Type_Read"},{"id":18,"name":"Setting_Sub_Movie_Type_Create"},{"id":19,"name":"Setting_Sub_Movie_Type_Update"},{"id":20,"name":"Setting_Sub_Movie_Type_Delete"},{"id":21,"name":"Setting_Client_Setting_Read"},{"id":22,"name":"Setting_Client_Setting_Create"},{"id":23,"name":"Setting_Client_Setting_Update"},{"id":24,"name":"Setting_Client_Setting_Delete"}]}
 INFO 2022-01-28 15:18:32 (UserDetailServiceImpl.java:71) - UserAdapter :{"id":10,"username":"admin@gmail.com","password":"$2a$10$CDpxpGonQxOpaYZB6nH94uuItf7w3SmFuIkelXk1WIUnkCjS/ezdW","accountExpired":false,"accountLocked":false,"credentialsExpired":false,"enabled":true,"authorities":[{"id":1,"name":"User_Read"},{"id":2,"name":"User_Create"},{"id":3,"name":"User_Update"},{"id":4,"name":"User_Delete"},{"id":5,"name":"Movie_Read"},{"id":6,"name":"Movie_Create"},{"id":7,"name":"Movie_Update"},{"id":8,"name":"Movie_Delete"},{"id":9,"name":"Movie_Source_Read"},{"id":10,"name":"Movie_Source_Create"},{"id":11,"name":"Movie_Source_Update"},{"id":12,"name":"Movie_Source_Delete"},{"id":13,"name":"Setting_Movie_Type_Read"},{"id":14,"name":"Setting_Movie_Type_Create"},{"id":15,"name":"Setting_Movie_Type_Update"},{"id":16,"name":"Setting_Movie_Type_Delete"},{"id":17,"name":"Setting_Sub_Movie_Type_Read"},{"id":18,"name":"Setting_Sub_Movie_Type_Create"},{"id":19,"name":"Setting_Sub_Movie_Type_Update"},{"id":20,"name":"Setting_Sub_Movie_Type_Delete"},{"id":21,"name":"Setting_Client_Setting_Read"},{"id":22,"name":"Setting_Client_Setting_Create"},{"id":23,"name":"Setting_Client_Setting_Update"},{"id":24,"name":"Setting_Client_Setting_Delete"}]}
 INFO 2022-01-28 15:55:20 (UserAppTest.java:25) - DAta {"id":10,"username":"admin@gmail.com","password":"$2a$10$CDpxpGonQxOpaYZB6nH94uuItf7w3SmFuIkelXk1WIUnkCjS/ezdW","accountExpired":false,"accountLocked":false,"credentialsExpired":false,"enabled":true,"authorities":[{"id":1,"name":"User_Read"},{"id":2,"name":"User_Create"},{"id":3,"name":"User_Update"},{"id":4,"name":"User_Delete"},{"id":5,"name":"Movie_Read"},{"id":6,"name":"Movie_Create"},{"id":7,"name":"Movie_Update"},{"id":8,"name":"Movie_Delete"},{"id":9,"name":"Movie_Source_Read"},{"id":10,"name":"Movie_Source_Create"},{"id":11,"name":"Movie_Source_Update"},{"id":12,"name":"Movie_Source_Delete"},{"id":13,"name":"Setting_Movie_Type_Read"},{"id":14,"name":"Setting_Movie_Type_Create"},{"id":15,"name":"Setting_Movie_Type_Update"},{"id":16,"name":"Setting_Movie_Type_Delete"},{"id":17,"name":"Setting_Sub_Movie_Type_Read"},{"id":18,"name":"Setting_Sub_Movie_Type_Create"},{"id":19,"name":"Setting_Sub_Movie_Type_Update"},{"id":20,"name":"Setting_Sub_Movie_Type_Delete"},{"id":21,"name":"Setting_Client_Setting_Read"},{"id":22,"name":"Setting_Client_Setting_Create"},{"id":23,"name":"Setting_Client_Setting_Update"},{"id":24,"name":"Setting_Client_Setting_Delete"}]}
 INFO 2022-01-28 15:57:27 (UserAppTest.java:25) - DAta {"id":10,"username":"admin@gmail.com","password":"$2a$10$CDpxpGonQxOpaYZB6nH94uuItf7w3SmFuIkelXk1WIUnkCjS/ezdW","accountExpired":false,"accountLocked":false,"credentialsExpired":false,"enabled":true,"authorities":[{"id":1,"name":"User_Read"},{"id":2,"name":"User_Create"},{"id":3,"name":"User_Update"},{"id":4,"name":"User_Delete"},{"id":5,"name":"Movie_Read"},{"id":6,"name":"Movie_Create"},{"id":7,"name":"Movie_Update"},{"id":8,"name":"Movie_Delete"},{"id":9,"name":"Movie_Source_Read"},{"id":10,"name":"Movie_Source_Create"},{"id":11,"name":"Movie_Source_Update"},{"id":12,"name":"Movie_Source_Delete"},{"id":13,"name":"Setting_Movie_Type_Read"},{"id":14,"name":"Setting_Movie_Type_Create"},{"id":15,"name":"Setting_Movie_Type_Update"},{"id":16,"name":"Setting_Movie_Type_Delete"},{"id":17,"name":"Setting_Sub_Movie_Type_Read"},{"id":18,"name":"Setting_Sub_Movie_Type_Create"},{"id":19,"name":"Setting_Sub_Movie_Type_Update"},{"id":20,"name":"Setting_Sub_Movie_Type_Delete"},{"id":21,"name":"Setting_Client_Setting_Read"},{"id":22,"name":"Setting_Client_Setting_Create"},{"id":23,"name":"Setting_Client_Setting_Update"},{"id":24,"name":"Setting_Client_Setting_Delete"}]}
 INFO 2022-01-28 16:32:32 (AsyncConfig.java:17) - Creating Async Task Executor
 INFO 2022-01-28 16:41:51 (AsyncConfig.java:17) - Creating Async Task Executor
 INFO 2022-01-28 16:42:21 (AsyncConfig.java:17) - Creating Async Task Executor
 INFO 2022-01-28 16:44:18 (AsyncConfig.java:17) - Creating Async Task Executor
 INFO 2022-01-28 16:45:50 (AsyncConfig.java:17) - Creating Async Task Executor
 INFO 2022-01-28 16:45:53 (DefaultAuthenticationProviderService.java:80) - user info:{id=10, username=admin@gmail.com, password=$2a$10$CDpxpGonQxOpaYZB6nH94uuItf7w3SmFuIkelXk1WIUnkCjS/ezdW, accountExpired=false, accountLocked=false, credentialsExpired=false, enabled=true, authorities=[{id=1, name=User_Read}, {id=2, name=User_Create}, {id=3, name=User_Update}, {id=4, name=User_Delete}, {id=5, name=Movie_Read}, {id=6, name=Movie_Create}, {id=7, name=Movie_Update}, {id=8, name=Movie_Delete}, {id=9, name=Movie_Source_Read}, {id=10, name=Movie_Source_Create}, {id=11, name=Movie_Source_Update}, {id=12, name=Movie_Source_Delete}, {id=13, name=Setting_Movie_Type_Read}, {id=14, name=Setting_Movie_Type_Create}, {id=15, name=Setting_Movie_Type_Update}, {id=16, name=Setting_Movie_Type_Delete}, {id=17, name=Setting_Sub_Movie_Type_Read}, {id=18, name=Setting_Sub_Movie_Type_Create}, {id=19, name=Setting_Sub_Movie_Type_Update}, {id=20, name=Setting_Sub_Movie_Type_Delete}, {id=21, name=Setting_Client_Setting_Read}, {id=22, name=Setting_Client_Setting_Create}, {id=23, name=Setting_Client_Setting_Update}, {id=24, name=Setting_Client_Setting_Delete}]}
ERROR 2022-01-28 16:45:53 (DefaultAuthenticationProviderService.java:95) - get error exception service loadUserByUsername:
java.lang.IllegalArgumentException: username cannot be null
	at org.springframework.util.Assert.notNull(Assert.java:201)
	at org.springframework.security.core.userdetails.User$UserBuilder.username(User.java:357)
	at com.api.stockmanagement.core.service.impl.DefaultAuthenticationProviderService.loadUserByUsername(DefaultAuthenticationProviderService.java:86)
	at org.springframework.security.authentication.dao.DaoAuthenticationProvider.retrieveUser(DaoAuthenticationProvider.java:93)
	at org.springframework.security.authentication.dao.AbstractUserDetailsAuthenticationProvider.authenticate(AbstractUserDetailsAuthenticationProvider.java:133)
	at org.springframework.security.authentication.ProviderManager.authenticate(ProviderManager.java:182)
	at org.springframework.security.authentication.ProviderManager.authenticate(ProviderManager.java:201)
	at org.springframework.security.config.annotation.web.configuration.WebSecurityConfigurerAdapter$AuthenticationManagerDelegator.authenticate(WebSecurityConfigurerAdapter.java:518)
	at org.springframework.security.oauth2.provider.password.ResourceOwnerPasswordTokenGranter.getOAuth2Authentication(ResourceOwnerPasswordTokenGranter.java:71)
	at org.springframework.security.oauth2.provider.token.AbstractTokenGranter.getAccessToken(AbstractTokenGranter.java:70)
	at org.springframework.security.oauth2.provider.token.AbstractTokenGranter.grant(AbstractTokenGranter.java:65)
	at org.springframework.security.oauth2.provider.CompositeTokenGranter.grant(CompositeTokenGranter.java:38)
	at org.springframework.security.oauth2.config.annotation.web.configurers.AuthorizationServerEndpointsConfigurer$4.grant(AuthorizationServerEndpointsConfigurer.java:561)
	at org.springframework.security.oauth2.provider.endpoint.TokenEndpoint.postAccessToken(TokenEndpoint.java:132)
	at java.base/jdk.internal.reflect.NativeMethodAccessorImpl.invoke0(Native Method)
	at java.base/jdk.internal.reflect.NativeMethodAccessorImpl.invoke(NativeMethodAccessorImpl.java:62)
	at java.base/jdk.internal.reflect.DelegatingMethodAccessorImpl.invoke(DelegatingMethodAccessorImpl.java:43)
	at java.base/java.lang.reflect.Method.invoke(Method.java:566)
	at org.springframework.web.method.support.InvocableHandlerMethod.doInvoke(InvocableHandlerMethod.java:205)
	at org.springframework.web.method.support.InvocableHandlerMethod.invokeForRequest(InvocableHandlerMethod.java:150)
	at org.springframework.web.servlet.mvc.method.annotation.ServletInvocableHandlerMethod.invokeAndHandle(ServletInvocableHandlerMethod.java:117)
	at org.springframework.web.servlet.mvc.method.annotation.RequestMappingHandlerAdapter.invokeHandlerMethod(RequestMappingHandlerAdapter.java:895)
	at org.springframework.web.servlet.mvc.method.annotation.RequestMappingHandlerAdapter.handleInternal(RequestMappingHandlerAdapter.java:808)
	at org.springframework.web.servlet.mvc.method.AbstractHandlerMethodAdapter.handle(AbstractHandlerMethodAdapter.java:87)
	at org.springframework.web.servlet.DispatcherServlet.doDispatch(DispatcherServlet.java:1067)
	at org.springframework.web.servlet.DispatcherServlet.doService(DispatcherServlet.java:963)
	at org.springframework.web.servlet.FrameworkServlet.processRequest(FrameworkServlet.java:1006)
	at org.springframework.web.servlet.FrameworkServlet.doPost(FrameworkServlet.java:909)
	at javax.servlet.http.HttpServlet.service(HttpServlet.java:681)
	at org.springframework.web.servlet.FrameworkServlet.service(FrameworkServlet.java:883)
	at javax.servlet.http.HttpServlet.service(HttpServlet.java:764)
	at org.apache.catalina.core.ApplicationFilterChain.internalDoFilter(ApplicationFilterChain.java:227)
	at org.apache.catalina.core.ApplicationFilterChain.doFilter(ApplicationFilterChain.java:162)
	at org.apache.tomcat.websocket.server.WsFilter.doFilter(WsFilter.java:53)
	at org.apache.catalina.core.ApplicationFilterChain.internalDoFilter(ApplicationFilterChain.java:189)
	at org.apache.catalina.core.ApplicationFilterChain.doFilter(ApplicationFilterChain.java:162)
	at org.springframework.security.web.FilterChainProxy$VirtualFilterChain.doFilter(FilterChainProxy.java:327)
	at org.springframework.security.web.access.intercept.FilterSecurityInterceptor.invoke(FilterSecurityInterceptor.java:115)
	at org.springframework.security.web.access.intercept.FilterSecurityInterceptor.doFilter(FilterSecurityInterceptor.java:81)
	at org.springframework.security.web.FilterChainProxy$VirtualFilterChain.doFilter(FilterChainProxy.java:336)
	at org.springframework.security.web.access.ExceptionTranslationFilter.doFilter(ExceptionTranslationFilter.java:122)
	at org.springframework.security.web.access.ExceptionTranslationFilter.doFilter(ExceptionTranslationFilter.java:116)
	at org.springframework.security.web.FilterChainProxy$VirtualFilterChain.doFilter(FilterChainProxy.java:336)
	at org.springframework.security.web.session.SessionManagementFilter.doFilter(SessionManagementFilter.java:126)
	at org.springframework.security.web.session.SessionManagementFilter.doFilter(SessionManagementFilter.java:81)
	at org.springframework.security.web.FilterChainProxy$VirtualFilterChain.doFilter(FilterChainProxy.java:336)
	at org.springframework.security.web.authentication.AnonymousAuthenticationFilter.doFilter(AnonymousAuthenticationFilter.java:109)
	at org.springframework.security.web.FilterChainProxy$VirtualFilterChain.doFilter(FilterChainProxy.java:336)
	at org.springframework.security.web.servletapi.SecurityContextHolderAwareRequestFilter.doFilter(SecurityContextHolderAwareRequestFilter.java:149)
	at org.springframework.security.web.FilterChainProxy$VirtualFilterChain.doFilter(FilterChainProxy.java:336)
	at org.springframework.security.web.savedrequest.RequestCacheAwareFilter.doFilter(RequestCacheAwareFilter.java:63)
	at org.springframework.security.web.FilterChainProxy$VirtualFilterChain.doFilter(FilterChainProxy.java:336)
	at org.springframework.security.web.authentication.www.BasicAuthenticationFilter.doFilterInternal(BasicAuthenticationFilter.java:181)
	at org.springframework.web.filter.OncePerRequestFilter.doFilter(OncePerRequestFilter.java:117)
	at org.springframework.security.web.FilterChainProxy$VirtualFilterChain.doFilter(FilterChainProxy.java:336)
	at org.springframework.security.web.authentication.logout.LogoutFilter.doFilter(LogoutFilter.java:103)
	at org.springframework.security.web.authentication.logout.LogoutFilter.doFilter(LogoutFilter.java:89)
	at org.springframework.security.web.FilterChainProxy$VirtualFilterChain.doFilter(FilterChainProxy.java:336)
	at org.springframework.security.web.header.HeaderWriterFilter.doHeadersAfter(HeaderWriterFilter.java:90)
	at org.springframework.security.web.header.HeaderWriterFilter.doFilterInternal(HeaderWriterFilter.java:75)
	at org.springframework.web.filter.OncePerRequestFilter.doFilter(OncePerRequestFilter.java:117)
	at org.springframework.security.web.FilterChainProxy$VirtualFilterChain.doFilter(FilterChainProxy.java:336)
	at org.springframework.security.web.context.SecurityContextPersistenceFilter.doFilter(SecurityContextPersistenceFilter.java:110)
	at org.springframework.security.web.context.SecurityContextPersistenceFilter.doFilter(SecurityContextPersistenceFilter.java:80)
	at org.springframework.security.web.FilterChainProxy$VirtualFilterChain.doFilter(FilterChainProxy.java:336)
	at org.springframework.security.web.context.request.async.WebAsyncManagerIntegrationFilter.doFilterInternal(WebAsyncManagerIntegrationFilter.java:55)
	at org.springframework.web.filter.OncePerRequestFilter.doFilter(OncePerRequestFilter.java:117)
	at org.springframework.security.web.FilterChainProxy$VirtualFilterChain.doFilter(FilterChainProxy.java:336)
	at org.springframework.security.web.FilterChainProxy.doFilterInternal(FilterChainProxy.java:211)
	at org.springframework.security.web.FilterChainProxy.doFilter(FilterChainProxy.java:183)
	at org.springframework.web.filter.DelegatingFilterProxy.invokeDelegate(DelegatingFilterProxy.java:354)
	at org.springframework.web.filter.DelegatingFilterProxy.doFilter(DelegatingFilterProxy.java:267)
	at org.apache.catalina.core.ApplicationFilterChain.internalDoFilter(ApplicationFilterChain.java:189)
	at org.apache.catalina.core.ApplicationFilterChain.doFilter(ApplicationFilterChain.java:162)
	at org.springframework.web.filter.RequestContextFilter.doFilterInternal(RequestContextFilter.java:100)
	at org.springframework.web.filter.OncePerRequestFilter.doFilter(OncePerRequestFilter.java:117)
	at org.apache.catalina.core.ApplicationFilterChain.internalDoFilter(ApplicationFilterChain.java:189)
	at org.apache.catalina.core.ApplicationFilterChain.doFilter(ApplicationFilterChain.java:162)
	at org.springframework.web.filter.FormContentFilter.doFilterInternal(FormContentFilter.java:93)
	at org.springframework.web.filter.OncePerRequestFilter.doFilter(OncePerRequestFilter.java:117)
	at org.apache.catalina.core.ApplicationFilterChain.internalDoFilter(ApplicationFilterChain.java:189)
	at org.apache.catalina.core.ApplicationFilterChain.doFilter(ApplicationFilterChain.java:162)
	at org.springframework.web.filter.CharacterEncodingFilter.doFilterInternal(CharacterEncodingFilter.java:201)
	at org.springframework.web.filter.OncePerRequestFilter.doFilter(OncePerRequestFilter.java:117)
	at org.apache.catalina.core.ApplicationFilterChain.internalDoFilter(ApplicationFilterChain.java:189)
	at org.apache.catalina.core.ApplicationFilterChain.doFilter(ApplicationFilterChain.java:162)
	at org.apache.catalina.core.StandardWrapperValve.invoke(StandardWrapperValve.java:197)
	at org.apache.catalina.core.StandardContextValve.invoke(StandardContextValve.java:97)
	at org.apache.catalina.authenticator.AuthenticatorBase.invoke(AuthenticatorBase.java:540)
	at org.apache.catalina.core.StandardHostValve.invoke(StandardHostValve.java:135)
	at org.apache.catalina.valves.ErrorReportValve.invoke(ErrorReportValve.java:92)
	at org.apache.catalina.core.StandardEngineValve.invoke(StandardEngineValve.java:78)
	at org.apache.catalina.connector.CoyoteAdapter.service(CoyoteAdapter.java:357)
	at org.apache.coyote.http11.Http11Processor.service(Http11Processor.java:382)
	at org.apache.coyote.AbstractProcessorLight.process(AbstractProcessorLight.java:65)
	at org.apache.coyote.AbstractProtocol$ConnectionHandler.process(AbstractProtocol.java:895)
	at org.apache.tomcat.util.net.NioEndpoint$SocketProcessor.doRun(NioEndpoint.java:1732)
	at org.apache.tomcat.util.net.SocketProcessorBase.run(SocketProcessorBase.java:49)
	at org.apache.tomcat.util.threads.ThreadPoolExecutor.runWorker(ThreadPoolExecutor.java:1191)
	at org.apache.tomcat.util.threads.ThreadPoolExecutor$Worker.run(ThreadPoolExecutor.java:659)
	at org.apache.tomcat.util.threads.TaskThread$WrappingRunnable.run(TaskThread.java:61)
	at java.base/java.lang.Thread.run(Thread.java:834)
 INFO 2022-01-28 16:46:42 (AsyncConfig.java:17) - Creating Async Task Executor
 INFO 2022-01-28 16:47:04 (DefaultAuthenticationProviderService.java:80) - user info:{id=10, username=admin@gmail.com, password=$2a$10$CDpxpGonQxOpaYZB6nH94uuItf7w3SmFuIkelXk1WIUnkCjS/ezdW, accountExpired=false, accountLocked=false, credentialsExpired=false, enabled=true, authorities=[{id=1, name=User_Read}, {id=2, name=User_Create}, {id=3, name=User_Update}, {id=4, name=User_Delete}, {id=5, name=Movie_Read}, {id=6, name=Movie_Create}, {id=7, name=Movie_Update}, {id=8, name=Movie_Delete}, {id=9, name=Movie_Source_Read}, {id=10, name=Movie_Source_Create}, {id=11, name=Movie_Source_Update}, {id=12, name=Movie_Source_Delete}, {id=13, name=Setting_Movie_Type_Read}, {id=14, name=Setting_Movie_Type_Create}, {id=15, name=Setting_Movie_Type_Update}, {id=16, name=Setting_Movie_Type_Delete}, {id=17, name=Setting_Sub_Movie_Type_Read}, {id=18, name=Setting_Sub_Movie_Type_Create}, {id=19, name=Setting_Sub_Movie_Type_Update}, {id=20, name=Setting_Sub_Movie_Type_Delete}, {id=21, name=Setting_Client_Setting_Read}, {id=22, name=Setting_Client_Setting_Create}, {id=23, name=Setting_Client_Setting_Update}, {id=24, name=Setting_Client_Setting_Delete}]}
ERROR 2022-01-28 16:47:20 (DefaultAuthenticationProviderService.java:95) - get error exception service loadUserByUsername:
java.lang.IllegalArgumentException: username cannot be null
	at org.springframework.util.Assert.notNull(Assert.java:201)
	at org.springframework.security.core.userdetails.User$UserBuilder.username(User.java:357)
	at com.api.stockmanagement.core.service.impl.DefaultAuthenticationProviderService.loadUserByUsername(DefaultAuthenticationProviderService.java:86)
	at org.springframework.security.authentication.dao.DaoAuthenticationProvider.retrieveUser(DaoAuthenticationProvider.java:93)
	at org.springframework.security.authentication.dao.AbstractUserDetailsAuthenticationProvider.authenticate(AbstractUserDetailsAuthenticationProvider.java:133)
	at org.springframework.security.authentication.ProviderManager.authenticate(ProviderManager.java:182)
	at org.springframework.security.authentication.ProviderManager.authenticate(ProviderManager.java:201)
	at org.springframework.security.config.annotation.web.configuration.WebSecurityConfigurerAdapter$AuthenticationManagerDelegator.authenticate(WebSecurityConfigurerAdapter.java:518)
	at org.springframework.security.oauth2.provider.password.ResourceOwnerPasswordTokenGranter.getOAuth2Authentication(ResourceOwnerPasswordTokenGranter.java:71)
	at org.springframework.security.oauth2.provider.token.AbstractTokenGranter.getAccessToken(AbstractTokenGranter.java:70)
	at org.springframework.security.oauth2.provider.token.AbstractTokenGranter.grant(AbstractTokenGranter.java:65)
	at org.springframework.security.oauth2.provider.CompositeTokenGranter.grant(CompositeTokenGranter.java:38)
	at org.springframework.security.oauth2.config.annotation.web.configurers.AuthorizationServerEndpointsConfigurer$4.grant(AuthorizationServerEndpointsConfigurer.java:561)
	at org.springframework.security.oauth2.provider.endpoint.TokenEndpoint.postAccessToken(TokenEndpoint.java:132)
	at java.base/jdk.internal.reflect.NativeMethodAccessorImpl.invoke0(Native Method)
	at java.base/jdk.internal.reflect.NativeMethodAccessorImpl.invoke(NativeMethodAccessorImpl.java:62)
	at java.base/jdk.internal.reflect.DelegatingMethodAccessorImpl.invoke(DelegatingMethodAccessorImpl.java:43)
	at java.base/java.lang.reflect.Method.invoke(Method.java:566)
	at org.springframework.web.method.support.InvocableHandlerMethod.doInvoke(InvocableHandlerMethod.java:205)
	at org.springframework.web.method.support.InvocableHandlerMethod.invokeForRequest(InvocableHandlerMethod.java:150)
	at org.springframework.web.servlet.mvc.method.annotation.ServletInvocableHandlerMethod.invokeAndHandle(ServletInvocableHandlerMethod.java:117)
	at org.springframework.web.servlet.mvc.method.annotation.RequestMappingHandlerAdapter.invokeHandlerMethod(RequestMappingHandlerAdapter.java:895)
	at org.springframework.web.servlet.mvc.method.annotation.RequestMappingHandlerAdapter.handleInternal(RequestMappingHandlerAdapter.java:808)
	at org.springframework.web.servlet.mvc.method.AbstractHandlerMethodAdapter.handle(AbstractHandlerMethodAdapter.java:87)
	at org.springframework.web.servlet.DispatcherServlet.doDispatch(DispatcherServlet.java:1067)
	at org.springframework.web.servlet.DispatcherServlet.doService(DispatcherServlet.java:963)
	at org.springframework.web.servlet.FrameworkServlet.processRequest(FrameworkServlet.java:1006)
	at org.springframework.web.servlet.FrameworkServlet.doPost(FrameworkServlet.java:909)
	at javax.servlet.http.HttpServlet.service(HttpServlet.java:681)
	at org.springframework.web.servlet.FrameworkServlet.service(FrameworkServlet.java:883)
	at javax.servlet.http.HttpServlet.service(HttpServlet.java:764)
	at org.apache.catalina.core.ApplicationFilterChain.internalDoFilter(ApplicationFilterChain.java:227)
	at org.apache.catalina.core.ApplicationFilterChain.doFilter(ApplicationFilterChain.java:162)
	at org.apache.tomcat.websocket.server.WsFilter.doFilter(WsFilter.java:53)
	at org.apache.catalina.core.ApplicationFilterChain.internalDoFilter(ApplicationFilterChain.java:189)
	at org.apache.catalina.core.ApplicationFilterChain.doFilter(ApplicationFilterChain.java:162)
	at org.springframework.security.web.FilterChainProxy$VirtualFilterChain.doFilter(FilterChainProxy.java:327)
	at org.springframework.security.web.access.intercept.FilterSecurityInterceptor.invoke(FilterSecurityInterceptor.java:115)
	at org.springframework.security.web.access.intercept.FilterSecurityInterceptor.doFilter(FilterSecurityInterceptor.java:81)
	at org.springframework.security.web.FilterChainProxy$VirtualFilterChain.doFilter(FilterChainProxy.java:336)
	at org.springframework.security.web.access.ExceptionTranslationFilter.doFilter(ExceptionTranslationFilter.java:122)
	at org.springframework.security.web.access.ExceptionTranslationFilter.doFilter(ExceptionTranslationFilter.java:116)
	at org.springframework.security.web.FilterChainProxy$VirtualFilterChain.doFilter(FilterChainProxy.java:336)
	at org.springframework.security.web.session.SessionManagementFilter.doFilter(SessionManagementFilter.java:126)
	at org.springframework.security.web.session.SessionManagementFilter.doFilter(SessionManagementFilter.java:81)
	at org.springframework.security.web.FilterChainProxy$VirtualFilterChain.doFilter(FilterChainProxy.java:336)
	at org.springframework.security.web.authentication.AnonymousAuthenticationFilter.doFilter(AnonymousAuthenticationFilter.java:109)
	at org.springframework.security.web.FilterChainProxy$VirtualFilterChain.doFilter(FilterChainProxy.java:336)
	at org.springframework.security.web.servletapi.SecurityContextHolderAwareRequestFilter.doFilter(SecurityContextHolderAwareRequestFilter.java:149)
	at org.springframework.security.web.FilterChainProxy$VirtualFilterChain.doFilter(FilterChainProxy.java:336)
	at org.springframework.security.web.savedrequest.RequestCacheAwareFilter.doFilter(RequestCacheAwareFilter.java:63)
	at org.springframework.security.web.FilterChainProxy$VirtualFilterChain.doFilter(FilterChainProxy.java:336)
	at org.springframework.security.web.authentication.www.BasicAuthenticationFilter.doFilterInternal(BasicAuthenticationFilter.java:181)
	at org.springframework.web.filter.OncePerRequestFilter.doFilter(OncePerRequestFilter.java:117)
	at org.springframework.security.web.FilterChainProxy$VirtualFilterChain.doFilter(FilterChainProxy.java:336)
	at org.springframework.security.web.authentication.logout.LogoutFilter.doFilter(LogoutFilter.java:103)
	at org.springframework.security.web.authentication.logout.LogoutFilter.doFilter(LogoutFilter.java:89)
	at org.springframework.security.web.FilterChainProxy$VirtualFilterChain.doFilter(FilterChainProxy.java:336)
	at org.springframework.security.web.header.HeaderWriterFilter.doHeadersAfter(HeaderWriterFilter.java:90)
	at org.springframework.security.web.header.HeaderWriterFilter.doFilterInternal(HeaderWriterFilter.java:75)
	at org.springframework.web.filter.OncePerRequestFilter.doFilter(OncePerRequestFilter.java:117)
	at org.springframework.security.web.FilterChainProxy$VirtualFilterChain.doFilter(FilterChainProxy.java:336)
	at org.springframework.security.web.context.SecurityContextPersistenceFilter.doFilter(SecurityContextPersistenceFilter.java:110)
	at org.springframework.security.web.context.SecurityContextPersistenceFilter.doFilter(SecurityContextPersistenceFilter.java:80)
	at org.springframework.security.web.FilterChainProxy$VirtualFilterChain.doFilter(FilterChainProxy.java:336)
	at org.springframework.security.web.context.request.async.WebAsyncManagerIntegrationFilter.doFilterInternal(WebAsyncManagerIntegrationFilter.java:55)
	at org.springframework.web.filter.OncePerRequestFilter.doFilter(OncePerRequestFilter.java:117)
	at org.springframework.security.web.FilterChainProxy$VirtualFilterChain.doFilter(FilterChainProxy.java:336)
	at org.springframework.security.web.FilterChainProxy.doFilterInternal(FilterChainProxy.java:211)
	at org.springframework.security.web.FilterChainProxy.doFilter(FilterChainProxy.java:183)
	at org.springframework.web.filter.DelegatingFilterProxy.invokeDelegate(DelegatingFilterProxy.java:354)
	at org.springframework.web.filter.DelegatingFilterProxy.doFilter(DelegatingFilterProxy.java:267)
	at org.apache.catalina.core.ApplicationFilterChain.internalDoFilter(ApplicationFilterChain.java:189)
	at org.apache.catalina.core.ApplicationFilterChain.doFilter(ApplicationFilterChain.java:162)
	at org.springframework.web.filter.RequestContextFilter.doFilterInternal(RequestContextFilter.java:100)
	at org.springframework.web.filter.OncePerRequestFilter.doFilter(OncePerRequestFilter.java:117)
	at org.apache.catalina.core.ApplicationFilterChain.internalDoFilter(ApplicationFilterChain.java:189)
	at org.apache.catalina.core.ApplicationFilterChain.doFilter(ApplicationFilterChain.java:162)
	at org.springframework.web.filter.FormContentFilter.doFilterInternal(FormContentFilter.java:93)
	at org.springframework.web.filter.OncePerRequestFilter.doFilter(OncePerRequestFilter.java:117)
	at org.apache.catalina.core.ApplicationFilterChain.internalDoFilter(ApplicationFilterChain.java:189)
	at org.apache.catalina.core.ApplicationFilterChain.doFilter(ApplicationFilterChain.java:162)
	at org.springframework.web.filter.CharacterEncodingFilter.doFilterInternal(CharacterEncodingFilter.java:201)
	at org.springframework.web.filter.OncePerRequestFilter.doFilter(OncePerRequestFilter.java:117)
	at org.apache.catalina.core.ApplicationFilterChain.internalDoFilter(ApplicationFilterChain.java:189)
	at org.apache.catalina.core.ApplicationFilterChain.doFilter(ApplicationFilterChain.java:162)
	at org.apache.catalina.core.StandardWrapperValve.invoke(StandardWrapperValve.java:197)
	at org.apache.catalina.core.StandardContextValve.invoke(StandardContextValve.java:97)
	at org.apache.catalina.authenticator.AuthenticatorBase.invoke(AuthenticatorBase.java:540)
	at org.apache.catalina.core.StandardHostValve.invoke(StandardHostValve.java:135)
	at org.apache.catalina.valves.ErrorReportValve.invoke(ErrorReportValve.java:92)
	at org.apache.catalina.core.StandardEngineValve.invoke(StandardEngineValve.java:78)
	at org.apache.catalina.connector.CoyoteAdapter.service(CoyoteAdapter.java:357)
	at org.apache.coyote.http11.Http11Processor.service(Http11Processor.java:382)
	at org.apache.coyote.AbstractProcessorLight.process(AbstractProcessorLight.java:65)
	at org.apache.coyote.AbstractProtocol$ConnectionHandler.process(AbstractProtocol.java:895)
	at org.apache.tomcat.util.net.NioEndpoint$SocketProcessor.doRun(NioEndpoint.java:1732)
	at org.apache.tomcat.util.net.SocketProcessorBase.run(SocketProcessorBase.java:49)
	at org.apache.tomcat.util.threads.ThreadPoolExecutor.runWorker(ThreadPoolExecutor.java:1191)
	at org.apache.tomcat.util.threads.ThreadPoolExecutor$Worker.run(ThreadPoolExecutor.java:659)
	at org.apache.tomcat.util.threads.TaskThread$WrappingRunnable.run(TaskThread.java:61)
	at java.base/java.lang.Thread.run(Thread.java:834)
 INFO 2022-01-28 16:47:31 (AsyncConfig.java:17) - Creating Async Task Executor
 INFO 2022-01-28 16:47:41 (DefaultAuthenticationProviderService.java:80) - user info:{id=10, username=admin@gmail.com, password=$2a$10$CDpxpGonQxOpaYZB6nH94uuItf7w3SmFuIkelXk1WIUnkCjS/ezdW, accountExpired=false, accountLocked=false, credentialsExpired=false, enabled=true, authorities=[{id=1, name=User_Read}, {id=2, name=User_Create}, {id=3, name=User_Update}, {id=4, name=User_Delete}, {id=5, name=Movie_Read}, {id=6, name=Movie_Create}, {id=7, name=Movie_Update}, {id=8, name=Movie_Delete}, {id=9, name=Movie_Source_Read}, {id=10, name=Movie_Source_Create}, {id=11, name=Movie_Source_Update}, {id=12, name=Movie_Source_Delete}, {id=13, name=Setting_Movie_Type_Read}, {id=14, name=Setting_Movie_Type_Create}, {id=15, name=Setting_Movie_Type_Update}, {id=16, name=Setting_Movie_Type_Delete}, {id=17, name=Setting_Sub_Movie_Type_Read}, {id=18, name=Setting_Sub_Movie_Type_Create}, {id=19, name=Setting_Sub_Movie_Type_Update}, {id=20, name=Setting_Sub_Movie_Type_Delete}, {id=21, name=Setting_Client_Setting_Read}, {id=22, name=Setting_Client_Setting_Create}, {id=23, name=Setting_Client_Setting_Update}, {id=24, name=Setting_Client_Setting_Delete}]}
ERROR 2022-01-28 16:47:56 (DefaultAuthenticationProviderService.java:95) - get error exception service loadUserByUsername:
java.lang.ClassCastException: class com.api.stockmanagement.common.dto.JsonObj cannot be cast to class org.springframework.security.core.GrantedAuthority (com.api.stockmanagement.common.dto.JsonObj is in unnamed module of loader org.springframework.boot.devtools.restart.classloader.RestartClassLoader @4827d02c; org.springframework.security.core.GrantedAuthority is in unnamed module of loader 'app')
	at org.springframework.security.core.userdetails.User.sortAuthorities(User.java:166)
	at org.springframework.security.core.userdetails.User.<init>(User.java:118)
	at org.springframework.security.core.userdetails.User$UserBuilder.build(User.java:504)
	at com.api.stockmanagement.core.service.impl.DefaultAuthenticationProviderService.loadUserByUsername(DefaultAuthenticationProviderService.java:89)
	at org.springframework.security.authentication.dao.DaoAuthenticationProvider.retrieveUser(DaoAuthenticationProvider.java:93)
	at org.springframework.security.authentication.dao.AbstractUserDetailsAuthenticationProvider.authenticate(AbstractUserDetailsAuthenticationProvider.java:133)
	at org.springframework.security.authentication.ProviderManager.authenticate(ProviderManager.java:182)
	at org.springframework.security.authentication.ProviderManager.authenticate(ProviderManager.java:201)
	at org.springframework.security.config.annotation.web.configuration.WebSecurityConfigurerAdapter$AuthenticationManagerDelegator.authenticate(WebSecurityConfigurerAdapter.java:518)
	at org.springframework.security.oauth2.provider.password.ResourceOwnerPasswordTokenGranter.getOAuth2Authentication(ResourceOwnerPasswordTokenGranter.java:71)
	at org.springframework.security.oauth2.provider.token.AbstractTokenGranter.getAccessToken(AbstractTokenGranter.java:70)
	at org.springframework.security.oauth2.provider.token.AbstractTokenGranter.grant(AbstractTokenGranter.java:65)
	at org.springframework.security.oauth2.provider.CompositeTokenGranter.grant(CompositeTokenGranter.java:38)
	at org.springframework.security.oauth2.config.annotation.web.configurers.AuthorizationServerEndpointsConfigurer$4.grant(AuthorizationServerEndpointsConfigurer.java:561)
	at org.springframework.security.oauth2.provider.endpoint.TokenEndpoint.postAccessToken(TokenEndpoint.java:132)
	at java.base/jdk.internal.reflect.NativeMethodAccessorImpl.invoke0(Native Method)
	at java.base/jdk.internal.reflect.NativeMethodAccessorImpl.invoke(NativeMethodAccessorImpl.java:62)
	at java.base/jdk.internal.reflect.DelegatingMethodAccessorImpl.invoke(DelegatingMethodAccessorImpl.java:43)
	at java.base/java.lang.reflect.Method.invoke(Method.java:566)
	at org.springframework.web.method.support.InvocableHandlerMethod.doInvoke(InvocableHandlerMethod.java:205)
	at org.springframework.web.method.support.InvocableHandlerMethod.invokeForRequest(InvocableHandlerMethod.java:150)
	at org.springframework.web.servlet.mvc.method.annotation.ServletInvocableHandlerMethod.invokeAndHandle(ServletInvocableHandlerMethod.java:117)
	at org.springframework.web.servlet.mvc.method.annotation.RequestMappingHandlerAdapter.invokeHandlerMethod(RequestMappingHandlerAdapter.java:895)
	at org.springframework.web.servlet.mvc.method.annotation.RequestMappingHandlerAdapter.handleInternal(RequestMappingHandlerAdapter.java:808)
	at org.springframework.web.servlet.mvc.method.AbstractHandlerMethodAdapter.handle(AbstractHandlerMethodAdapter.java:87)
	at org.springframework.web.servlet.DispatcherServlet.doDispatch(DispatcherServlet.java:1067)
	at org.springframework.web.servlet.DispatcherServlet.doService(DispatcherServlet.java:963)
	at org.springframework.web.servlet.FrameworkServlet.processRequest(FrameworkServlet.java:1006)
	at org.springframework.web.servlet.FrameworkServlet.doPost(FrameworkServlet.java:909)
	at javax.servlet.http.HttpServlet.service(HttpServlet.java:681)
	at org.springframework.web.servlet.FrameworkServlet.service(FrameworkServlet.java:883)
	at javax.servlet.http.HttpServlet.service(HttpServlet.java:764)
	at org.apache.catalina.core.ApplicationFilterChain.internalDoFilter(ApplicationFilterChain.java:227)
	at org.apache.catalina.core.ApplicationFilterChain.doFilter(ApplicationFilterChain.java:162)
	at org.apache.tomcat.websocket.server.WsFilter.doFilter(WsFilter.java:53)
	at org.apache.catalina.core.ApplicationFilterChain.internalDoFilter(ApplicationFilterChain.java:189)
	at org.apache.catalina.core.ApplicationFilterChain.doFilter(ApplicationFilterChain.java:162)
	at org.springframework.security.web.FilterChainProxy$VirtualFilterChain.doFilter(FilterChainProxy.java:327)
	at org.springframework.security.web.access.intercept.FilterSecurityInterceptor.invoke(FilterSecurityInterceptor.java:115)
	at org.springframework.security.web.access.intercept.FilterSecurityInterceptor.doFilter(FilterSecurityInterceptor.java:81)
	at org.springframework.security.web.FilterChainProxy$VirtualFilterChain.doFilter(FilterChainProxy.java:336)
	at org.springframework.security.web.access.ExceptionTranslationFilter.doFilter(ExceptionTranslationFilter.java:122)
	at org.springframework.security.web.access.ExceptionTranslationFilter.doFilter(ExceptionTranslationFilter.java:116)
	at org.springframework.security.web.FilterChainProxy$VirtualFilterChain.doFilter(FilterChainProxy.java:336)
	at org.springframework.security.web.session.SessionManagementFilter.doFilter(SessionManagementFilter.java:126)
	at org.springframework.security.web.session.SessionManagementFilter.doFilter(SessionManagementFilter.java:81)
	at org.springframework.security.web.FilterChainProxy$VirtualFilterChain.doFilter(FilterChainProxy.java:336)
	at org.springframework.security.web.authentication.AnonymousAuthenticationFilter.doFilter(AnonymousAuthenticationFilter.java:109)
	at org.springframework.security.web.FilterChainProxy$VirtualFilterChain.doFilter(FilterChainProxy.java:336)
	at org.springframework.security.web.servletapi.SecurityContextHolderAwareRequestFilter.doFilter(SecurityContextHolderAwareRequestFilter.java:149)
	at org.springframework.security.web.FilterChainProxy$VirtualFilterChain.doFilter(FilterChainProxy.java:336)
	at org.springframework.security.web.savedrequest.RequestCacheAwareFilter.doFilter(RequestCacheAwareFilter.java:63)
	at org.springframework.security.web.FilterChainProxy$VirtualFilterChain.doFilter(FilterChainProxy.java:336)
	at org.springframework.security.web.authentication.www.BasicAuthenticationFilter.doFilterInternal(BasicAuthenticationFilter.java:181)
	at org.springframework.web.filter.OncePerRequestFilter.doFilter(OncePerRequestFilter.java:117)
	at org.springframework.security.web.FilterChainProxy$VirtualFilterChain.doFilter(FilterChainProxy.java:336)
	at org.springframework.security.web.authentication.logout.LogoutFilter.doFilter(LogoutFilter.java:103)
	at org.springframework.security.web.authentication.logout.LogoutFilter.doFilter(LogoutFilter.java:89)
	at org.springframework.security.web.FilterChainProxy$VirtualFilterChain.doFilter(FilterChainProxy.java:336)
	at org.springframework.security.web.header.HeaderWriterFilter.doHeadersAfter(HeaderWriterFilter.java:90)
	at org.springframework.security.web.header.HeaderWriterFilter.doFilterInternal(HeaderWriterFilter.java:75)
	at org.springframework.web.filter.OncePerRequestFilter.doFilter(OncePerRequestFilter.java:117)
	at org.springframework.security.web.FilterChainProxy$VirtualFilterChain.doFilter(FilterChainProxy.java:336)
	at org.springframework.security.web.context.SecurityContextPersistenceFilter.doFilter(SecurityContextPersistenceFilter.java:110)
	at org.springframework.security.web.context.SecurityContextPersistenceFilter.doFilter(SecurityContextPersistenceFilter.java:80)
	at org.springframework.security.web.FilterChainProxy$VirtualFilterChain.doFilter(FilterChainProxy.java:336)
	at org.springframework.security.web.context.request.async.WebAsyncManagerIntegrationFilter.doFilterInternal(WebAsyncManagerIntegrationFilter.java:55)
	at org.springframework.web.filter.OncePerRequestFilter.doFilter(OncePerRequestFilter.java:117)
	at org.springframework.security.web.FilterChainProxy$VirtualFilterChain.doFilter(FilterChainProxy.java:336)
	at org.springframework.security.web.FilterChainProxy.doFilterInternal(FilterChainProxy.java:211)
	at org.springframework.security.web.FilterChainProxy.doFilter(FilterChainProxy.java:183)
	at org.springframework.web.filter.DelegatingFilterProxy.invokeDelegate(DelegatingFilterProxy.java:354)
	at org.springframework.web.filter.DelegatingFilterProxy.doFilter(DelegatingFilterProxy.java:267)
	at org.apache.catalina.core.ApplicationFilterChain.internalDoFilter(ApplicationFilterChain.java:189)
	at org.apache.catalina.core.ApplicationFilterChain.doFilter(ApplicationFilterChain.java:162)
	at org.springframework.web.filter.RequestContextFilter.doFilterInternal(RequestContextFilter.java:100)
	at org.springframework.web.filter.OncePerRequestFilter.doFilter(OncePerRequestFilter.java:117)
	at org.apache.catalina.core.ApplicationFilterChain.internalDoFilter(ApplicationFilterChain.java:189)
	at org.apache.catalina.core.ApplicationFilterChain.doFilter(ApplicationFilterChain.java:162)
	at org.springframework.web.filter.FormContentFilter.doFilterInternal(FormContentFilter.java:93)
	at org.springframework.web.filter.OncePerRequestFilter.doFilter(OncePerRequestFilter.java:117)
	at org.apache.catalina.core.ApplicationFilterChain.internalDoFilter(ApplicationFilterChain.java:189)
	at org.apache.catalina.core.ApplicationFilterChain.doFilter(ApplicationFilterChain.java:162)
	at org.springframework.web.filter.CharacterEncodingFilter.doFilterInternal(CharacterEncodingFilter.java:201)
	at org.springframework.web.filter.OncePerRequestFilter.doFilter(OncePerRequestFilter.java:117)
	at org.apache.catalina.core.ApplicationFilterChain.internalDoFilter(ApplicationFilterChain.java:189)
	at org.apache.catalina.core.ApplicationFilterChain.doFilter(ApplicationFilterChain.java:162)
	at org.apache.catalina.core.StandardWrapperValve.invoke(StandardWrapperValve.java:197)
	at org.apache.catalina.core.StandardContextValve.invoke(StandardContextValve.java:97)
	at org.apache.catalina.authenticator.AuthenticatorBase.invoke(AuthenticatorBase.java:540)
	at org.apache.catalina.core.StandardHostValve.invoke(StandardHostValve.java:135)
	at org.apache.catalina.valves.ErrorReportValve.invoke(ErrorReportValve.java:92)
	at org.apache.catalina.core.StandardEngineValve.invoke(StandardEngineValve.java:78)
	at org.apache.catalina.connector.CoyoteAdapter.service(CoyoteAdapter.java:357)
	at org.apache.coyote.http11.Http11Processor.service(Http11Processor.java:382)
	at org.apache.coyote.AbstractProcessorLight.process(AbstractProcessorLight.java:65)
	at org.apache.coyote.AbstractProtocol$ConnectionHandler.process(AbstractProtocol.java:895)
	at org.apache.tomcat.util.net.NioEndpoint$SocketProcessor.doRun(NioEndpoint.java:1732)
	at org.apache.tomcat.util.net.SocketProcessorBase.run(SocketProcessorBase.java:49)
	at org.apache.tomcat.util.threads.ThreadPoolExecutor.runWorker(ThreadPoolExecutor.java:1191)
	at org.apache.tomcat.util.threads.ThreadPoolExecutor$Worker.run(ThreadPoolExecutor.java:659)
	at org.apache.tomcat.util.threads.TaskThread$WrappingRunnable.run(TaskThread.java:61)
	at java.base/java.lang.Thread.run(Thread.java:834)
 INFO 2022-01-28 16:49:05 (AsyncConfig.java:17) - Creating Async Task Executor
 INFO 2022-01-28 16:49:23 (DefaultAuthenticationProviderService.java:80) - user info:{id=10, username=admin@gmail.com, password=$2a$10$CDpxpGonQxOpaYZB6nH94uuItf7w3SmFuIkelXk1WIUnkCjS/ezdW, accountExpired=false, accountLocked=false, credentialsExpired=false, enabled=true, authorities=[{name=User_Read}, {name=User_Create}, {name=User_Update}, {name=User_Delete}, {name=Movie_Read}, {name=Movie_Create}, {name=Movie_Update}, {name=Movie_Delete}, {name=Movie_Source_Read}, {name=Movie_Source_Create}, {name=Movie_Source_Update}, {name=Movie_Source_Delete}, {name=Setting_Movie_Type_Read}, {name=Setting_Movie_Type_Create}, {name=Setting_Movie_Type_Update}, {name=Setting_Movie_Type_Delete}, {name=Setting_Sub_Movie_Type_Read}, {name=Setting_Sub_Movie_Type_Create}, {name=Setting_Sub_Movie_Type_Update}, {name=Setting_Sub_Movie_Type_Delete}, {name=Setting_Client_Setting_Read}, {name=Setting_Client_Setting_Create}, {name=Setting_Client_Setting_Update}, {name=Setting_Client_Setting_Delete}]}
ERROR 2022-01-28 16:49:35 (DefaultAuthenticationProviderService.java:95) - get error exception service loadUserByUsername:
java.lang.ClassCastException: class com.api.stockmanagement.common.dto.JsonObj cannot be cast to class org.springframework.security.core.GrantedAuthority (com.api.stockmanagement.common.dto.JsonObj is in unnamed module of loader org.springframework.boot.devtools.restart.classloader.RestartClassLoader @3e364de5; org.springframework.security.core.GrantedAuthority is in unnamed module of loader 'app')
	at org.springframework.security.core.userdetails.User.sortAuthorities(User.java:166)
	at org.springframework.security.core.userdetails.User.<init>(User.java:118)
	at org.springframework.security.core.userdetails.User$UserBuilder.build(User.java:504)
	at com.api.stockmanagement.core.service.impl.DefaultAuthenticationProviderService.loadUserByUsername(DefaultAuthenticationProviderService.java:89)
	at org.springframework.security.authentication.dao.DaoAuthenticationProvider.retrieveUser(DaoAuthenticationProvider.java:93)
	at org.springframework.security.authentication.dao.AbstractUserDetailsAuthenticationProvider.authenticate(AbstractUserDetailsAuthenticationProvider.java:133)
	at org.springframework.security.authentication.ProviderManager.authenticate(ProviderManager.java:182)
	at org.springframework.security.authentication.ProviderManager.authenticate(ProviderManager.java:201)
	at org.springframework.security.config.annotation.web.configuration.WebSecurityConfigurerAdapter$AuthenticationManagerDelegator.authenticate(WebSecurityConfigurerAdapter.java:518)
	at org.springframework.security.oauth2.provider.password.ResourceOwnerPasswordTokenGranter.getOAuth2Authentication(ResourceOwnerPasswordTokenGranter.java:71)
	at org.springframework.security.oauth2.provider.token.AbstractTokenGranter.getAccessToken(AbstractTokenGranter.java:70)
	at org.springframework.security.oauth2.provider.token.AbstractTokenGranter.grant(AbstractTokenGranter.java:65)
	at org.springframework.security.oauth2.provider.CompositeTokenGranter.grant(CompositeTokenGranter.java:38)
	at org.springframework.security.oauth2.config.annotation.web.configurers.AuthorizationServerEndpointsConfigurer$4.grant(AuthorizationServerEndpointsConfigurer.java:561)
	at org.springframework.security.oauth2.provider.endpoint.TokenEndpoint.postAccessToken(TokenEndpoint.java:132)
	at java.base/jdk.internal.reflect.NativeMethodAccessorImpl.invoke0(Native Method)
	at java.base/jdk.internal.reflect.NativeMethodAccessorImpl.invoke(NativeMethodAccessorImpl.java:62)
	at java.base/jdk.internal.reflect.DelegatingMethodAccessorImpl.invoke(DelegatingMethodAccessorImpl.java:43)
	at java.base/java.lang.reflect.Method.invoke(Method.java:566)
	at org.springframework.web.method.support.InvocableHandlerMethod.doInvoke(InvocableHandlerMethod.java:205)
	at org.springframework.web.method.support.InvocableHandlerMethod.invokeForRequest(InvocableHandlerMethod.java:150)
	at org.springframework.web.servlet.mvc.method.annotation.ServletInvocableHandlerMethod.invokeAndHandle(ServletInvocableHandlerMethod.java:117)
	at org.springframework.web.servlet.mvc.method.annotation.RequestMappingHandlerAdapter.invokeHandlerMethod(RequestMappingHandlerAdapter.java:895)
	at org.springframework.web.servlet.mvc.method.annotation.RequestMappingHandlerAdapter.handleInternal(RequestMappingHandlerAdapter.java:808)
	at org.springframework.web.servlet.mvc.method.AbstractHandlerMethodAdapter.handle(AbstractHandlerMethodAdapter.java:87)
	at org.springframework.web.servlet.DispatcherServlet.doDispatch(DispatcherServlet.java:1067)
	at org.springframework.web.servlet.DispatcherServlet.doService(DispatcherServlet.java:963)
	at org.springframework.web.servlet.FrameworkServlet.processRequest(FrameworkServlet.java:1006)
	at org.springframework.web.servlet.FrameworkServlet.doPost(FrameworkServlet.java:909)
	at javax.servlet.http.HttpServlet.service(HttpServlet.java:681)
	at org.springframework.web.servlet.FrameworkServlet.service(FrameworkServlet.java:883)
	at javax.servlet.http.HttpServlet.service(HttpServlet.java:764)
	at org.apache.catalina.core.ApplicationFilterChain.internalDoFilter(ApplicationFilterChain.java:227)
	at org.apache.catalina.core.ApplicationFilterChain.doFilter(ApplicationFilterChain.java:162)
	at org.apache.tomcat.websocket.server.WsFilter.doFilter(WsFilter.java:53)
	at org.apache.catalina.core.ApplicationFilterChain.internalDoFilter(ApplicationFilterChain.java:189)
	at org.apache.catalina.core.ApplicationFilterChain.doFilter(ApplicationFilterChain.java:162)
	at org.springframework.security.web.FilterChainProxy$VirtualFilterChain.doFilter(FilterChainProxy.java:327)
	at org.springframework.security.web.access.intercept.FilterSecurityInterceptor.invoke(FilterSecurityInterceptor.java:115)
	at org.springframework.security.web.access.intercept.FilterSecurityInterceptor.doFilter(FilterSecurityInterceptor.java:81)
	at org.springframework.security.web.FilterChainProxy$VirtualFilterChain.doFilter(FilterChainProxy.java:336)
	at org.springframework.security.web.access.ExceptionTranslationFilter.doFilter(ExceptionTranslationFilter.java:122)
	at org.springframework.security.web.access.ExceptionTranslationFilter.doFilter(ExceptionTranslationFilter.java:116)
	at org.springframework.security.web.FilterChainProxy$VirtualFilterChain.doFilter(FilterChainProxy.java:336)
	at org.springframework.security.web.session.SessionManagementFilter.doFilter(SessionManagementFilter.java:126)
	at org.springframework.security.web.session.SessionManagementFilter.doFilter(SessionManagementFilter.java:81)
	at org.springframework.security.web.FilterChainProxy$VirtualFilterChain.doFilter(FilterChainProxy.java:336)
	at org.springframework.security.web.authentication.AnonymousAuthenticationFilter.doFilter(AnonymousAuthenticationFilter.java:109)
	at org.springframework.security.web.FilterChainProxy$VirtualFilterChain.doFilter(FilterChainProxy.java:336)
	at org.springframework.security.web.servletapi.SecurityContextHolderAwareRequestFilter.doFilter(SecurityContextHolderAwareRequestFilter.java:149)
	at org.springframework.security.web.FilterChainProxy$VirtualFilterChain.doFilter(FilterChainProxy.java:336)
	at org.springframework.security.web.savedrequest.RequestCacheAwareFilter.doFilter(RequestCacheAwareFilter.java:63)
	at org.springframework.security.web.FilterChainProxy$VirtualFilterChain.doFilter(FilterChainProxy.java:336)
	at org.springframework.security.web.authentication.www.BasicAuthenticationFilter.doFilterInternal(BasicAuthenticationFilter.java:181)
	at org.springframework.web.filter.OncePerRequestFilter.doFilter(OncePerRequestFilter.java:117)
	at org.springframework.security.web.FilterChainProxy$VirtualFilterChain.doFilter(FilterChainProxy.java:336)
	at org.springframework.security.web.authentication.logout.LogoutFilter.doFilter(LogoutFilter.java:103)
	at org.springframework.security.web.authentication.logout.LogoutFilter.doFilter(LogoutFilter.java:89)
	at org.springframework.security.web.FilterChainProxy$VirtualFilterChain.doFilter(FilterChainProxy.java:336)
	at org.springframework.security.web.header.HeaderWriterFilter.doHeadersAfter(HeaderWriterFilter.java:90)
	at org.springframework.security.web.header.HeaderWriterFilter.doFilterInternal(HeaderWriterFilter.java:75)
	at org.springframework.web.filter.OncePerRequestFilter.doFilter(OncePerRequestFilter.java:117)
	at org.springframework.security.web.FilterChainProxy$VirtualFilterChain.doFilter(FilterChainProxy.java:336)
	at org.springframework.security.web.context.SecurityContextPersistenceFilter.doFilter(SecurityContextPersistenceFilter.java:110)
	at org.springframework.security.web.context.SecurityContextPersistenceFilter.doFilter(SecurityContextPersistenceFilter.java:80)
	at org.springframework.security.web.FilterChainProxy$VirtualFilterChain.doFilter(FilterChainProxy.java:336)
	at org.springframework.security.web.context.request.async.WebAsyncManagerIntegrationFilter.doFilterInternal(WebAsyncManagerIntegrationFilter.java:55)
	at org.springframework.web.filter.OncePerRequestFilter.doFilter(OncePerRequestFilter.java:117)
	at org.springframework.security.web.FilterChainProxy$VirtualFilterChain.doFilter(FilterChainProxy.java:336)
	at org.springframework.security.web.FilterChainProxy.doFilterInternal(FilterChainProxy.java:211)
	at org.springframework.security.web.FilterChainProxy.doFilter(FilterChainProxy.java:183)
	at org.springframework.web.filter.DelegatingFilterProxy.invokeDelegate(DelegatingFilterProxy.java:354)
	at org.springframework.web.filter.DelegatingFilterProxy.doFilter(DelegatingFilterProxy.java:267)
	at org.apache.catalina.core.ApplicationFilterChain.internalDoFilter(ApplicationFilterChain.java:189)
	at org.apache.catalina.core.ApplicationFilterChain.doFilter(ApplicationFilterChain.java:162)
	at org.springframework.web.filter.RequestContextFilter.doFilterInternal(RequestContextFilter.java:100)
	at org.springframework.web.filter.OncePerRequestFilter.doFilter(OncePerRequestFilter.java:117)
	at org.apache.catalina.core.ApplicationFilterChain.internalDoFilter(ApplicationFilterChain.java:189)
	at org.apache.catalina.core.ApplicationFilterChain.doFilter(ApplicationFilterChain.java:162)
	at org.springframework.web.filter.FormContentFilter.doFilterInternal(FormContentFilter.java:93)
	at org.springframework.web.filter.OncePerRequestFilter.doFilter(OncePerRequestFilter.java:117)
	at org.apache.catalina.core.ApplicationFilterChain.internalDoFilter(ApplicationFilterChain.java:189)
	at org.apache.catalina.core.ApplicationFilterChain.doFilter(ApplicationFilterChain.java:162)
	at org.springframework.web.filter.CharacterEncodingFilter.doFilterInternal(CharacterEncodingFilter.java:201)
	at org.springframework.web.filter.OncePerRequestFilter.doFilter(OncePerRequestFilter.java:117)
	at org.apache.catalina.core.ApplicationFilterChain.internalDoFilter(ApplicationFilterChain.java:189)
	at org.apache.catalina.core.ApplicationFilterChain.doFilter(ApplicationFilterChain.java:162)
	at org.apache.catalina.core.StandardWrapperValve.invoke(StandardWrapperValve.java:197)
	at org.apache.catalina.core.StandardContextValve.invoke(StandardContextValve.java:97)
	at org.apache.catalina.authenticator.AuthenticatorBase.invoke(AuthenticatorBase.java:540)
	at org.apache.catalina.core.StandardHostValve.invoke(StandardHostValve.java:135)
	at org.apache.catalina.valves.ErrorReportValve.invoke(ErrorReportValve.java:92)
	at org.apache.catalina.core.StandardEngineValve.invoke(StandardEngineValve.java:78)
	at org.apache.catalina.connector.CoyoteAdapter.service(CoyoteAdapter.java:357)
	at org.apache.coyote.http11.Http11Processor.service(Http11Processor.java:382)
	at org.apache.coyote.AbstractProcessorLight.process(AbstractProcessorLight.java:65)
	at org.apache.coyote.AbstractProtocol$ConnectionHandler.process(AbstractProtocol.java:895)
	at org.apache.tomcat.util.net.NioEndpoint$SocketProcessor.doRun(NioEndpoint.java:1732)
	at org.apache.tomcat.util.net.SocketProcessorBase.run(SocketProcessorBase.java:49)
	at org.apache.tomcat.util.threads.ThreadPoolExecutor.runWorker(ThreadPoolExecutor.java:1191)
	at org.apache.tomcat.util.threads.ThreadPoolExecutor$Worker.run(ThreadPoolExecutor.java:659)
	at org.apache.tomcat.util.threads.TaskThread$WrappingRunnable.run(TaskThread.java:61)
	at java.base/java.lang.Thread.run(Thread.java:834)
 INFO 2022-01-28 16:50:55 (AsyncConfig.java:17) - Creating Async Task Executor
 INFO 2022-01-28 16:51:04 (DefaultAuthenticationProviderService.java:84) - user info:{id=10, username=admin@gmail.com, password=$2a$10$CDpxpGonQxOpaYZB6nH94uuItf7w3SmFuIkelXk1WIUnkCjS/ezdW, accountExpired=false, accountLocked=false, credentialsExpired=false, enabled=true, authorities=[{name=User_Read}, {name=User_Create}, {name=User_Update}, {name=User_Delete}, {name=Movie_Read}, {name=Movie_Create}, {name=Movie_Update}, {name=Movie_Delete}, {name=Movie_Source_Read}, {name=Movie_Source_Create}, {name=Movie_Source_Update}, {name=Movie_Source_Delete}, {name=Setting_Movie_Type_Read}, {name=Setting_Movie_Type_Create}, {name=Setting_Movie_Type_Update}, {name=Setting_Movie_Type_Delete}, {name=Setting_Sub_Movie_Type_Read}, {name=Setting_Sub_Movie_Type_Create}, {name=Setting_Sub_Movie_Type_Update}, {name=Setting_Sub_Movie_Type_Delete}, {name=Setting_Client_Setting_Read}, {name=Setting_Client_Setting_Create}, {name=Setting_Client_Setting_Update}, {name=Setting_Client_Setting_Delete}]}
 INFO 2022-01-28 16:54:21 (AsyncConfig.java:17) - Creating Async Task Executor
 INFO 2022-01-28 16:54:25 (DefaultAuthenticationProviderService.java:84) - user info:{id=10, username=admin@gmail.com, password=$2a$10$CDpxpGonQxOpaYZB6nH94uuItf7w3SmFuIkelXk1WIUnkCjS/ezdW, accountExpired=false, accountLocked=false, credentialsExpired=false, enabled=true, authorities=[{name=User_Read}, {name=User_Create}, {name=User_Update}, {name=User_Delete}, {name=Movie_Read}, {name=Movie_Create}, {name=Movie_Update}, {name=Movie_Delete}, {name=Movie_Source_Read}, {name=Movie_Source_Create}, {name=Movie_Source_Update}, {name=Movie_Source_Delete}, {name=Setting_Movie_Type_Read}, {name=Setting_Movie_Type_Create}, {name=Setting_Movie_Type_Update}, {name=Setting_Movie_Type_Delete}, {name=Setting_Sub_Movie_Type_Read}, {name=Setting_Sub_Movie_Type_Create}, {name=Setting_Sub_Movie_Type_Update}, {name=Setting_Sub_Movie_Type_Delete}, {name=Setting_Client_Setting_Read}, {name=Setting_Client_Setting_Create}, {name=Setting_Client_Setting_Update}, {name=Setting_Client_Setting_Delete}]}
 INFO 2022-01-28 17:14:31 (AsyncConfig.java:17) - Creating Async Task Executor
 INFO 2022-01-28 17:16:31 (AsyncConfig.java:17) - Creating Async Task Executor
 INFO 2022-01-28 17:24:18 (AsyncConfig.java:17) - Creating Async Task Executor
