2022-01-30 13:14:10 [restartedMain] [INFO] com.estock.api.ApiApplication - Starting ApiApplication using Java 11.0.13 on EanDalin with PID 2164 (D:\projects\stock\api\build\classes\java\main started by Eanda in D:\projects\stock\api)
2022-01-30 13:14:10 [restartedMain] [INFO] com.estock.api.ApiApplication - No active profile set, falling back to default profiles: default
2022-01-30 13:14:10 [restartedMain] [INFO] o.s.b.d.restart.ChangeableUrls - The Class-Path manifest attribute in C:\Users\Eanda\.gradle\caches\modules-2\files-2.1\javax.xml\jaxb-impl\2.1\8c86d5d4eac7f89cec63432274d712ba82cd201b\jaxb-impl-2.1.jar referenced one or more files that do not exist: file:/C:/Users/Eanda/.gradle/caches/modules-2/files-2.1/javax.xml/jaxb-impl/2.1/8c86d5d4eac7f89cec63432274d712ba82cd201b/jaxb-api.jar,file:/C:/Users/Eanda/.gradle/caches/modules-2/files-2.1/javax.xml/jaxb-impl/2.1/8c86d5d4eac7f89cec63432274d712ba82cd201b/activation.jar,file:/C:/Users/Eanda/.gradle/caches/modules-2/files-2.1/javax.xml/jaxb-impl/2.1/8c86d5d4eac7f89cec63432274d712ba82cd201b/jsr173_1.0_api.jar,file:/C:/Users/Eanda/.gradle/caches/modules-2/files-2.1/javax.xml/jaxb-impl/2.1/8c86d5d4eac7f89cec63432274d712ba82cd201b/jaxb1-impl.jar
2022-01-30 13:14:10 [restartedMain] [INFO] o.s.b.d.e.DevToolsPropertyDefaultsPostProcessor - Devtools property defaults active! Set 'spring.devtools.add-properties' to 'false' to disable
2022-01-30 13:14:10 [restartedMain] [INFO] o.s.b.d.e.DevToolsPropertyDefaultsPostProcessor - For additional web related logging consider setting the 'logging.level.web' property to 'DEBUG'
2022-01-30 13:14:10 [restartedMain] [DEBUG] o.m.s.b.a.MybatisAutoConfiguration - Searching for mappers annotated with @Mapper
2022-01-30 13:14:10 [restartedMain] [DEBUG] o.m.s.b.a.MybatisAutoConfiguration - Using auto-configuration base package 'com.estock.api'
2022-01-30 13:14:10 [restartedMain] [DEBUG] o.m.s.mapper.ClassPathMapperScanner - Identified candidate component class: file [D:\projects\stock\api\build\classes\java\main\com\estock\api\dao\AuthenticationDAO.class]
2022-01-30 13:14:10 [restartedMain] [DEBUG] o.m.s.mapper.ClassPathMapperScanner - Identified candidate component class: file [D:\projects\stock\api\build\classes\java\main\com\estock\api\dao\UserAuthorityDAO.class]
2022-01-30 13:14:10 [restartedMain] [DEBUG] o.m.s.mapper.ClassPathMapperScanner - Creating MapperFactoryBean with name 'authenticationDAO' and 'com.estock.api.dao.AuthenticationDAO' mapperInterface
2022-01-30 13:14:10 [restartedMain] [DEBUG] o.m.s.mapper.ClassPathMapperScanner - Enabling autowire by type for MapperFactoryBean with name 'authenticationDAO'.
2022-01-30 13:14:10 [restartedMain] [DEBUG] o.m.s.mapper.ClassPathMapperScanner - Creating MapperFactoryBean with name 'userAuthorityDAO' and 'com.estock.api.dao.UserAuthorityDAO' mapperInterface
2022-01-30 13:14:10 [restartedMain] [DEBUG] o.m.s.mapper.ClassPathMapperScanner - Enabling autowire by type for MapperFactoryBean with name 'userAuthorityDAO'.
2022-01-30 13:14:10 [restartedMain] [INFO] o.s.c.s.PostProcessorRegistrationDelegate$BeanPostProcessorChecker - Bean 'org.springframework.ws.config.annotation.DelegatingWsConfiguration' of type [org.springframework.ws.config.annotation.DelegatingWsConfiguration$$EnhancerBySpringCGLIB$$2b4f5949] is not eligible for getting processed by all BeanPostProcessors (for example: not eligible for auto-proxying)
2022-01-30 13:14:10 [restartedMain] [WARN] o.s.xml.DocumentBuilderFactoryUtils - http://javax.xml.XMLConstants/property/accessExternalDTD property not supported by org.apache.xerces.jaxp.DocumentBuilderFactoryImpl
2022-01-30 13:14:10 [restartedMain] [WARN] o.s.xml.DocumentBuilderFactoryUtils - http://javax.xml.XMLConstants/property/accessExternalSchema property not supported by org.apache.xerces.jaxp.DocumentBuilderFactoryImpl
2022-01-30 13:14:11 [restartedMain] [INFO] o.s.w.s.a.s.AnnotationActionEndpointMapping - Supporting [WS-Addressing August 2004, WS-Addressing 1.0]
2022-01-30 13:14:11 [restartedMain] [INFO] o.s.b.w.e.tomcat.TomcatWebServer - Tomcat initialized with port(s): 8080 (http)
2022-01-30 13:14:11 [restartedMain] [INFO] o.a.coyote.http11.Http11NioProtocol - Initializing ProtocolHandler ["http-nio-8080"]
2022-01-30 13:14:11 [restartedMain] [INFO] o.a.catalina.core.StandardService - Starting service [Tomcat]
2022-01-30 13:14:11 [restartedMain] [INFO] o.a.catalina.core.StandardEngine - Starting Servlet engine: [Apache Tomcat/9.0.56]
2022-01-30 13:14:11 [restartedMain] [INFO] o.a.c.c.C.[Tomcat].[localhost].[/] - Initializing Spring embedded WebApplicationContext
2022-01-30 13:14:11 [restartedMain] [INFO] o.s.b.w.s.c.ServletWebServerApplicationContext - Root WebApplicationContext: initialization completed in 1354 ms
2022-01-30 13:14:11 [restartedMain] [DEBUG] o.m.spring.SqlSessionFactoryBean - Parsed configuration file: 'class path resource [mybatis/mybatis_config.xml]'
2022-01-30 13:14:11 [restartedMain] [DEBUG] o.m.spring.SqlSessionFactoryBean - Parsed mapper file: 'file [D:\projects\stock\api\build\resources\main\mybatis\mapper\authentication\AuthenticationDAO.xml]'
2022-01-30 13:14:11 [restartedMain] [DEBUG] o.m.spring.SqlSessionFactoryBean - Parsed mapper file: 'file [D:\projects\stock\api\build\resources\main\mybatis\mapper\userauthority\UserAuthorityDAO.xml]'
2022-01-30 13:14:11 [restartedMain] [INFO] o.s.s.web.DefaultSecurityFilterChain - Will secure Ant [pattern='/api/image/**'] with []
2022-01-30 13:14:11 [restartedMain] [INFO] o.s.s.web.DefaultSecurityFilterChain - Will secure Ant [pattern='/unsecure/**'] with []
2022-01-30 13:14:11 [restartedMain] [INFO] o.s.s.web.DefaultSecurityFilterChain - Will secure Ant [pattern='/401.html'] with []
2022-01-30 13:14:11 [restartedMain] [INFO] o.s.s.web.DefaultSecurityFilterChain - Will secure Ant [pattern='/404.html'] with []
2022-01-30 13:14:11 [restartedMain] [INFO] o.s.s.web.DefaultSecurityFilterChain - Will secure Ant [pattern='/500.html'] with []
2022-01-30 13:14:12 [restartedMain] [INFO] o.s.s.web.DefaultSecurityFilterChain - Will secure Or [Ant [pattern='/oauth/token'], Ant [pattern='/oauth/token_key'], Ant [pattern='/oauth/check_token']] with [org.springframework.security.web.context.request.async.WebAsyncManagerIntegrationFilter@3204cb3a, org.springframework.security.web.context.SecurityContextPersistenceFilter@5355b7a9, org.springframework.security.web.header.HeaderWriterFilter@178d7856, org.springframework.security.web.authentication.logout.LogoutFilter@13367d52, org.springframework.security.web.authentication.www.BasicAuthenticationFilter@1013887a, org.springframework.security.web.savedrequest.RequestCacheAwareFilter@62b15ff8, org.springframework.security.web.servletapi.SecurityContextHolderAwareRequestFilter@499cf912, org.springframework.security.web.authentication.AnonymousAuthenticationFilter@49abe9ef, org.springframework.security.web.session.SessionManagementFilter@559a8829, org.springframework.security.web.access.ExceptionTranslationFilter@77f27cd1, org.springframework.security.web.access.intercept.FilterSecurityInterceptor@3676d652]
2022-01-30 13:14:12 [restartedMain] [INFO] o.s.s.web.DefaultSecurityFilterChain - Will secure org.springframework.security.oauth2.config.annotation.web.configuration.ResourceServerConfiguration$NotOAuthRequestMatcher@7715d244 with [org.springframework.security.web.context.request.async.WebAsyncManagerIntegrationFilter@14b49041, org.springframework.security.web.context.SecurityContextPersistenceFilter@23ead972, org.springframework.security.web.header.HeaderWriterFilter@688d1692, org.springframework.security.web.authentication.logout.LogoutFilter@70d97d7c, org.springframework.security.oauth2.provider.authentication.OAuth2AuthenticationProcessingFilter@4e9b5ad2, org.springframework.security.web.savedrequest.RequestCacheAwareFilter@48032096, org.springframework.security.web.servletapi.SecurityContextHolderAwareRequestFilter@483a9682, org.springframework.security.web.authentication.AnonymousAuthenticationFilter@2ed1e471, org.springframework.security.web.session.SessionManagementFilter@1e3a7803, org.springframework.security.web.access.ExceptionTranslationFilter@21f95f76, org.springframework.security.web.access.intercept.FilterSecurityInterceptor@24ca582b]
2022-01-30 13:14:12 [restartedMain] [INFO] o.s.s.web.DefaultSecurityFilterChain - Will secure Ant [pattern='/oauth/token'] with [org.springframework.security.web.context.request.async.WebAsyncManagerIntegrationFilter@3b7eaf30, org.springframework.security.web.context.SecurityContextPersistenceFilter@709e87f, org.springframework.security.web.header.HeaderWriterFilter@3a2668da, org.springframework.security.web.authentication.logout.LogoutFilter@609e1959, org.springframework.security.web.authentication.www.BasicAuthenticationFilter@68f9677c, org.springframework.security.web.savedrequest.RequestCacheAwareFilter@2dd7667d, org.springframework.security.web.servletapi.SecurityContextHolderAwareRequestFilter@24bebba5, org.springframework.security.web.session.SessionManagementFilter@2a94c750, org.springframework.security.web.access.ExceptionTranslationFilter@2f60b299, org.springframework.security.web.access.intercept.FilterSecurityInterceptor@7d7d4ecd]
2022-01-30 13:14:12 [restartedMain] [WARN] o.t.templatemode.TemplateMode - [THYMELEAF][restartedMain] Template Mode 'LEGACYHTML5' is deprecated. Using Template Mode 'HTML' instead.
2022-01-30 13:14:12 [restartedMain] [DEBUG] o.m.s.b.a.MybatisAutoConfiguration - Not found configuration for registering mapper bean using @MapperScan, MapperFactoryBean and MapperScannerConfigurer.
2022-01-30 13:14:12 [restartedMain] [INFO] o.s.b.d.a.OptionalLiveReloadServer - LiveReload server is running on port 35729
2022-01-30 13:14:12 [restartedMain] [INFO] o.s.b.a.e.web.EndpointLinksResolver - Exposing 1 endpoint(s) beneath base path '/actuator'
2022-01-30 13:14:12 [restartedMain] [INFO] o.a.coyote.http11.Http11NioProtocol - Starting ProtocolHandler ["http-nio-8080"]
2022-01-30 13:14:12 [restartedMain] [INFO] o.s.b.w.e.tomcat.TomcatWebServer - Tomcat started on port(s): 8080 (http) with context path ''
2022-01-30 13:14:12 [restartedMain] [INFO] com.estock.api.ApiApplication - Started ApiApplication in 2.751 seconds (JVM running for 3.637)
2022-01-30 13:14:12 [RMI TCP Connection(1)-192.168.43.44] [INFO] o.a.c.c.C.[Tomcat].[localhost].[/] - Initializing Spring DispatcherServlet 'dispatcherServlet'
2022-01-30 13:14:12 [RMI TCP Connection(1)-192.168.43.44] [INFO] o.s.web.servlet.DispatcherServlet - Initializing Servlet 'dispatcherServlet'
2022-01-30 13:14:12 [RMI TCP Connection(1)-192.168.43.44] [INFO] o.s.web.servlet.DispatcherServlet - Completed initialization in 1 ms
2022-01-30 13:27:50 [http-nio-8080-exec-2] [INFO] c.e.a.p.CustomAuthenticationProvider - ============== Start Authorization ===============
2022-01-30 13:27:50 [http-nio-8080-exec-2] [DEBUG] org.mybatis.spring.SqlSessionUtils - Creating a new SqlSession
2022-01-30 13:27:50 [http-nio-8080-exec-2] [DEBUG] org.mybatis.spring.SqlSessionUtils - SqlSession [org.apache.ibatis.session.defaults.DefaultSqlSession@689ee12] was not registered for synchronization because synchronization is not active
2022-01-30 13:27:50 [ThreadPoolTaskExecutor-1] [ERROR] com.estock.api.util.Utility - Unexpected end-of-input: was expecting closing quote for a string value
 at [Source: (String)"{"os":"windo"; line: 1, column: 13] (through reference chain: com.estock.api.dto.DeviceInfoDTO["os"])
2022-01-30 13:27:50 [http-nio-8080-exec-2] [DEBUG] o.m.s.t.SpringManagedTransaction - JDBC Connection [org.postgresql.jdbc.PgConnection@4c101351] will not be managed by Spring
2022-01-30 13:27:50 [http-nio-8080-exec-2] [DEBUG] org.mybatis.spring.SqlSessionUtils - Closing non transactional SqlSession [org.apache.ibatis.session.defaults.DefaultSqlSession@689ee12]
2022-01-30 13:27:50 [http-nio-8080-exec-2] [INFO] c.e.a.p.CustomAuthenticationProvider - User Info object: {"id":1,"userName":"admin","password":"$2a$08$qvrzQZ7jJ7oy2p/msL4M0.l83Cd0jNsX6AJUitbgRXGzge4j035ha","accountExpired":false,"accountLocked":false,"credentialsExpired":false,"enabled":true,"authorities":[{"id":1,"name":"COMPANY_CREATE"},{"id":2,"name":"COMPANY_READ"},{"id":3,"name":"COMPANY_UPDATE"},{"id":4,"name":"COMPANY_DELETE"},{"id":5,"name":"DEPARTMENT_CREATE"},{"id":6,"name":"DEPARTMENT_READ"},{"id":7,"name":"DEPARTMENT_UPDATE"},{"id":8,"name":"DEPARTMENT_DELETE"},{"id":9,"name":"ROLE_COMPANY_READER"}]}
2022-01-30 13:27:50 [http-nio-8080-exec-2] [INFO] c.e.a.p.CustomAuthenticationProvider - ============== End Authorization ===============>>>>>>>>>>>>

